<?xml version="1.0" encoding="UTF-8"?>
<!-- Generated by org.testng.reporters.JUnitReportReporter -->
<testsuite skipped="0" hostname="DESKTOP-Q65AA39" name="Test_class.runner_Class" tests="1" failures="0" timestamp="2022-06-06T13:16:03 IST" time="12.627" errors="0">
  <testcase name="login" time="12.627" classname="Test_class.runner_Class"/>
  <system-out/>
</testsuite> <!-- Test_class.runner_Class -->
